<?xml version="1.0" encoding="UTF-8"?>
<!-- Generated by org.testng.reporters.JUnitReportReporter -->
<testsuite hostname="DESKTOP-OS26117" failures="0" tests="1" name="Adminlogintest.AddComplaintest" time="191.375" errors="0" timestamp="2022-12-07T12:30:29 IST" skipped="0">
  <testcase classname="Adminlogintest.AddComplaintest" name="addcomplaintest" time="191.375"/>
  <system-out/>
</testsuite> <!-- Adminlogintest.AddComplaintest -->
