<?xml version="1.0" encoding="UTF-8"?>
<!-- Generated by org.testng.reporters.JUnitReportReporter -->
<testsuite hostname="DESKTOP-OS26117" failures="0" tests="1" name="Adminlogintest.Frontofficetest" time="77.329" errors="0" timestamp="2022-11-29T11:39:53 IST" skipped="0">
  <testcase classname="Adminlogintest.Frontofficetest" name="frontofficetest" time="77.329"/>
  <system-out/>
</testsuite> <!-- Adminlogintest.Frontofficetest -->
