<?xml version="1.0" encoding="UTF-8"?>
<!-- Generated by org.testng.reporters.JUnitReportReporter -->
<testsuite hostname="DESKTOP-OS26117" failures="0" tests="1" name="Adminlogintest.Addappointmenttest" time="55.748" errors="0" timestamp="2022-12-02T13:22:49 IST" skipped="0">
  <testcase classname="Adminlogintest.Addappointmenttest" name="addappointmenttest" time="55.748"/>
  <system-out/>
</testsuite> <!-- Adminlogintest.Addappointmenttest -->
