<?xml version="1.0" encoding="UTF-8"?>
<!-- Generated by org.testng.reporters.JUnitReportReporter -->
<testsuite hostname="DESKTOP-OS26117" failures="0" tests="1" name="Adminlogintest.Logintest" time="86.560" errors="0" timestamp="2022-11-29T11:39:53 IST" skipped="0">
  <testcase classname="Adminlogintest.Logintest" name="hmsadminlogin" time="86.560"/>
  <system-out/>
</testsuite> <!-- Adminlogintest.Logintest -->
