<?xml version="1.0" encoding="UTF-8"?>
<!-- Generated by org.testng.reporters.JUnitReportReporter -->
<testsuite hostname="DESKTOP-OS26117" failures="0" tests="1" name="Adminlogintest.Sample" time="119.729" errors="0" timestamp="2022-11-17T23:00:46 IST" skipped="0">
  <testcase classname="Adminlogintest.Sample" name="sampletest" time="119.729"/>
  <system-out/>
</testsuite> <!-- Adminlogintest.Sample -->
